Using pre-set license
Built from '2020.3/release' branch; Version is '2020.3.31f1 (6b54b7616050) revision 7034039'; Using compiler version '192528614'; Build Type 'Release'
OS: 'Windows 10  (10.0.19044) 64bit CoreSingleLanguage' Language: 'ru' Physical Memory: 16322 MB
BatchMode: 1, IsHumanControllingUs: 0, StartBugReporterOnCrash: 0, Is64bit: 1, IsPro: 0

COMMAND LINE ARGUMENTS:
C:\Program Files\Unity\Hub\Editor\2020.3.31f1\Editor\Unity.exe
-adb2
-batchMode
-noUpm
-name
AssetImportWorker0
-projectPath
D:/Projects/Project
-logFile
Logs/AssetImportWorker0.log
-srvPort
61842
Successfully changed project path to: D:/Projects/Project
D:/Projects/Project
Using Asset Import Pipeline V2.
Refreshing native plugins compatible for Editor in 38.58 ms, found 2 plugins.
Preloading 0 native plugins for Editor in 0.00 ms.
Initialize engine version: 2020.3.31f1 (6b54b7616050)
[Subsystems] Discovering subsystems at path C:/Program Files/Unity/Hub/Editor/2020.3.31f1/Editor/Data/Resources/UnitySubsystems
[Subsystems] Discovering subsystems at path D:/Projects/Project/Assets
GfxDevice: creating device client; threaded=0
Direct3D:
    Version:  Direct3D 11.0 [level 11.1]
    Renderer: NVIDIA GeForce GTX 1660 Ti (ID=0x2182)
    Vendor:   
    VRAM:     5991 MB
    Driver:   30.0.14.9709
Shader 'WFX/Transparent Specular': fallback shader 'Particles/Alpha Blended' not found
Shader 'WFX/Transparent Diffuse': fallback shader 'Particles/Alpha Blended' not found
Initialize mono
Mono path[0] = 'C:/Program Files/Unity/Hub/Editor/2020.3.31f1/Editor/Data/Managed'
Mono path[1] = 'C:/Program Files/Unity/Hub/Editor/2020.3.31f1/Editor/Data/MonoBleedingEdge/lib/mono/unityjit'
Mono config path = 'C:/Program Files/Unity/Hub/Editor/2020.3.31f1/Editor/Data/MonoBleedingEdge/etc'
Using monoOptions --debugger-agent=transport=dt_socket,embedding=1,server=y,suspend=n,address=127.0.0.1:56076
Begin MonoManager ReloadAssembly
Registering precompiled unity dll's ...
Register platform support module: C:/Program Files/Unity/Hub/Editor/2020.3.31f1/Editor/Data/PlaybackEngines/WindowsStandaloneSupport/UnityEditor.WindowsStandalone.Extensions.dll
Registered in 0.001585 seconds.
Native extension for WindowsStandalone target not found
Refreshing native plugins compatible for Editor in 37.53 ms, found 2 plugins.
Preloading 0 native plugins for Editor in 0.00 ms.
Mono: successfully reloaded assembly
- Completed reload, in  0.552 seconds
Domain Reload Profiling:
	ReloadAssembly (552ms)
		BeginReloadAssembly (58ms)
			ExecutionOrderSort (0ms)
			DisableScriptedObjects (0ms)
			BackupInstance (0ms)
			ReleaseScriptingObjects (0ms)
			CreateAndSetChildDomain (1ms)
		EndReloadAssembly (428ms)
			LoadAssemblies (56ms)
			RebuildTransferFunctionScriptingTraits (0ms)
			SetupTypeCache (143ms)
			ReleaseScriptCaches (0ms)
			RebuildScriptCaches (28ms)
			SetupLoadedEditorAssemblies (161ms)
				LogAssemblyErrors (0ms)
				InitializePlatformSupportModulesInManaged (4ms)
				SetLoadedEditorAssemblies (0ms)
				RefreshPlugins (38ms)
				BeforeProcessingInitializeOnLoad (14ms)
				ProcessInitializeOnLoadAttributes (78ms)
				ProcessInitializeOnLoadMethodAttributes (27ms)
				AfterProcessingInitializeOnLoad (0ms)
				EditorAssembliesLoaded (0ms)
			ExecutionOrderSort2 (0ms)
			AwakeInstancesAfterBackupRestoration (0ms)
Platform modules already initialized, skipping
Registering precompiled user dll's ...
Registered in 0.001713 seconds.
Begin MonoManager ReloadAssembly
Native extension for WindowsStandalone target not found
Refreshing native plugins compatible for Editor in 0.42 ms, found 2 plugins.
Preloading 0 native plugins for Editor in 0.00 ms.
Mono: successfully reloaded assembly
- Completed reload, in  0.991 seconds
Domain Reload Profiling:
	ReloadAssembly (992ms)
		BeginReloadAssembly (143ms)
			ExecutionOrderSort (0ms)
			DisableScriptedObjects (4ms)
			BackupInstance (0ms)
			ReleaseScriptingObjects (0ms)
			CreateAndSetChildDomain (17ms)
		EndReloadAssembly (793ms)
			LoadAssemblies (89ms)
			RebuildTransferFunctionScriptingTraits (0ms)
			SetupTypeCache (284ms)
			ReleaseScriptCaches (0ms)
			RebuildScriptCaches (42ms)
			SetupLoadedEditorAssemblies (296ms)
				LogAssemblyErrors (0ms)
				InitializePlatformSupportModulesInManaged (4ms)
				SetLoadedEditorAssemblies (0ms)
				RefreshPlugins (0ms)
				BeforeProcessingInitializeOnLoad (84ms)
				ProcessInitializeOnLoadAttributes (192ms)
				ProcessInitializeOnLoadMethodAttributes (8ms)
				AfterProcessingInitializeOnLoad (7ms)
				EditorAssembliesLoaded (0ms)
			ExecutionOrderSort2 (0ms)
			AwakeInstancesAfterBackupRestoration (6ms)
Platform modules already initialized, skipping
========================================================================
Worker process is ready to serve import requests
Shader 'WFX/Transparent Specular': fallback shader 'Particles/Alpha Blended' not found
Shader 'WFX/Transparent Diffuse': fallback shader 'Particles/Alpha Blended' not found
Launched and connected shader compiler UnityShaderCompiler.exe after 0.07 seconds
Refreshing native plugins compatible for Editor in 0.41 ms, found 2 plugins.
Preloading 0 native plugins for Editor in 0.00 ms.
Unloading 1894 Unused Serialized files (Serialized files now loaded: 0)
System memory in use before: 99.8 MB.
System memory in use after: 99.9 MB.

Unloading 17 unused Assets to reduce memory usage. Loaded Objects now: 2351.
Total: 2.611600 ms (FindLiveObjects: 0.147800 ms CreateObjectMapping: 0.064000 ms MarkObjects: 2.309400 ms  DeleteObjects: 0.089500 ms)

AssetImportParameters requested are different than current active one (requested -> active):
  custom:framework-win-MediaFoundation: 216162199b28c13a410421893ffa2e32 -> 
  custom:video-decoder-ogg-theora: a1e56fd34408186e4bbccfd4996cb3dc -> 
  custom:container-muxer-webm: aa71ff27fc2769a1b78a27578f13a17b -> 
  custom:container-demuxer-webm: 4f35f7cbe854078d1ac9338744f61a02 -> 
  custom:container-demuxer-ogg: 62fdf1f143b41e24485cea50d1cbac27 -> 
  custom:video-encoder-webm-vp8: eb34c28f22e8b96e1ab97ce403110664 -> 
  custom:video-codec-MediaFoundation-h265: 746d11721c4dcdbdad8f713fa42b33f4 -> 
  custom:video-decoder-webm-vp8: 9c59270c3fd7afecdb556c50c9e8de78 -> 
  custom:audio-decoder-ogg-vorbis: bf7c407c2cedff20999df2af8eb42d56 -> 
  custom:audio-encoder-webm-vorbis: bf7c407c2cedff20999df2af8eb42d56 -> 
========================================================================
Received Import Request.
  path: Assets/Nokobot/Modern Guns - Handgun/_Prefabs/Base Prefabs/Bullet_Head.prefab
  artifactKey: Guid(9e0ef2cf9cfc11c46bbe7f28b272f6fb) Importer(815301076,1909f56bfc062723c751e8b465ee728b)
Start importing Assets/Nokobot/Modern Guns - Handgun/_Prefabs/Base Prefabs/Bullet_Head.prefab using Guid(9e0ef2cf9cfc11c46bbe7f28b272f6fb) Importer(815301076,1909f56bfc062723c751e8b465ee728b)  -> (artifact id: '474fad952a293d24dcc920d411c9cefe') in 0.046286 seconds 
========================================================================
Received Import Request.
  Time since last request: 0.000178 seconds.
  path: Assets/Nokobot/Modern Guns - Handgun/_Prefabs/Base Prefabs/Bullet_Casing.prefab
  artifactKey: Guid(a737d62f4ff0b854a9d767507f039686) Importer(815301076,1909f56bfc062723c751e8b465ee728b)
Start importing Assets/Nokobot/Modern Guns - Handgun/_Prefabs/Base Prefabs/Bullet_Casing.prefab using Guid(a737d62f4ff0b854a9d767507f039686) Importer(815301076,1909f56bfc062723c751e8b465ee728b)  -> (artifact id: 'e46d85cedd26e0542354343641f5c9c9') in 0.013415 seconds 
========================================================================
Received Import Request.
  Time since last request: 0.000145 seconds.
  path: Assets/Nokobot/Modern Guns - Handgun/_Prefabs/45ACP Bullet_Casing.prefab
  artifactKey: Guid(4cb20e8abae957146a8b78e670d3fe74) Importer(815301076,1909f56bfc062723c751e8b465ee728b)
Start importing Assets/Nokobot/Modern Guns - Handgun/_Prefabs/45ACP Bullet_Casing.prefab using Guid(4cb20e8abae957146a8b78e670d3fe74) Importer(815301076,1909f56bfc062723c751e8b465ee728b)  -> (artifact id: 'dc682397b94aa75fe643fb1588d30660') in 0.068125 seconds 
========================================================================
Received Import Request.
  Time since last request: 0.000168 seconds.
  path: Assets/Nokobot/Modern Guns - Handgun/_Prefabs/45ACP Bullet_Head.prefab
  artifactKey: Guid(65c9f6563c561ee4e8905d1e6a32548b) Importer(815301076,1909f56bfc062723c751e8b465ee728b)
Start importing Assets/Nokobot/Modern Guns - Handgun/_Prefabs/45ACP Bullet_Head.prefab using Guid(65c9f6563c561ee4e8905d1e6a32548b) Importer(815301076,1909f56bfc062723c751e8b465ee728b)  -> (artifact id: '95893be5f5c9b74951d7702d6d244d4e') in 0.019083 seconds 
========================================================================
Received Import Request.
  Time since last request: 0.000126 seconds.
  path: Assets/Nokobot/Modern Guns - Handgun/_Prefabs/Base Prefabs/M1911 Magazine Base.prefab
  artifactKey: Guid(71d42f13891e48c4487496fd15802eda) Importer(815301076,1909f56bfc062723c751e8b465ee728b)
Start importing Assets/Nokobot/Modern Guns - Handgun/_Prefabs/Base Prefabs/M1911 Magazine Base.prefab using Guid(71d42f13891e48c4487496fd15802eda) Importer(815301076,1909f56bfc062723c751e8b465ee728b)  -> (artifact id: '5877a976616ea37a5cc384e3b12d0a57') in 0.104698 seconds 
========================================================================
Received Import Request.
  Time since last request: 0.000143 seconds.
  path: Assets/Nokobot/Modern Guns - Handgun/_Prefabs/Base Prefabs/M1911 Handgun Base.prefab
  artifactKey: Guid(a78a725941312494b930d664f3b315d0) Importer(815301076,1909f56bfc062723c751e8b465ee728b)
Start importing Assets/Nokobot/Modern Guns - Handgun/_Prefabs/Base Prefabs/M1911 Handgun Base.prefab using Guid(a78a725941312494b930d664f3b315d0) Importer(815301076,1909f56bfc062723c751e8b465ee728b)  -> (artifact id: '9b3587c0512e5ec67aeed057d3a48794') in 0.011437 seconds 
========================================================================
Received Import Request.
  Time since last request: 0.000226 seconds.
  path: Assets/Nokobot/Modern Guns - Handgun/_Prefabs/45ACP Bullet.prefab
  artifactKey: Guid(674adf642abf5614aae2995443c8250f) Importer(815301076,1909f56bfc062723c751e8b465ee728b)
Start importing Assets/Nokobot/Modern Guns - Handgun/_Prefabs/45ACP Bullet.prefab using Guid(674adf642abf5614aae2995443c8250f) Importer(815301076,1909f56bfc062723c751e8b465ee728b)  -> (artifact id: '432bced0501c01a77ee53419dd9a596f') in 0.017634 seconds 
========================================================================
Received Import Request.
  Time since last request: 7.060619 seconds.
  path: Assets/Nokobot/Modern Guns - Handgun/_Prefabs/Handgun Black/M1911 Handgun_Black (Shooting).prefab
  artifactKey: Guid(7e7f2840eb6a6294fb9d04582dbf8079) Importer(815301076,1909f56bfc062723c751e8b465ee728b)
Start importing Assets/Nokobot/Modern Guns - Handgun/_Prefabs/Handgun Black/M1911 Handgun_Black (Shooting).prefab using Guid(7e7f2840eb6a6294fb9d04582dbf8079) Importer(815301076,1909f56bfc062723c751e8b465ee728b)  -> (artifact id: '73b0dce3a656e72d4423c426a2b3138b') in 0.036613 seconds 
========================================================================
Received Import Request.
  Time since last request: 0.000132 seconds.
  path: Assets/Nokobot/Modern Guns - Handgun/_Prefabs/Handgun Black/M1911 Magazine_Black.prefab
  artifactKey: Guid(1630d9b67160caa44aad0385aa9bf476) Importer(815301076,1909f56bfc062723c751e8b465ee728b)
Start importing Assets/Nokobot/Modern Guns - Handgun/_Prefabs/Handgun Black/M1911 Magazine_Black.prefab using Guid(1630d9b67160caa44aad0385aa9bf476) Importer(815301076,1909f56bfc062723c751e8b465ee728b)  -> (artifact id: 'ab7504fc3c69495978813fbf074b62b6') in 0.015653 seconds 
========================================================================
Received Import Request.
  Time since last request: 0.000173 seconds.
  path: Assets/Nokobot/Modern Guns - Handgun/_Prefabs/Handgun Black/M1911 Handgun_Black.prefab
  artifactKey: Guid(87e308cb23eea97419b3c2623d8bb3fa) Importer(815301076,1909f56bfc062723c751e8b465ee728b)
Start importing Assets/Nokobot/Modern Guns - Handgun/_Prefabs/Handgun Black/M1911 Handgun_Black.prefab using Guid(87e308cb23eea97419b3c2623d8bb3fa) Importer(815301076,1909f56bfc062723c751e8b465ee728b)  -> (artifact id: 'de60e9e217a1bdda4da7a3a5fc26b89f') in 0.019210 seconds 
========================================================================
Received Import Request.
  Time since last request: 0.000118 seconds.
  path: Assets/Nokobot/Modern Guns - Handgun/_Prefabs/Handgun Black/M1911 Magazine_Black_Full.prefab
  artifactKey: Guid(3891d67bd4812e34db02888d6b7ae428) Importer(815301076,1909f56bfc062723c751e8b465ee728b)
Start importing Assets/Nokobot/Modern Guns - Handgun/_Prefabs/Handgun Black/M1911 Magazine_Black_Full.prefab using Guid(3891d67bd4812e34db02888d6b7ae428) Importer(815301076,1909f56bfc062723c751e8b465ee728b)  -> (artifact id: 'ff9ec27232a4b7dea2d8a90d4705d5a5') in 0.015698 seconds 
========================================================================
Received Import Request.
  Time since last request: 31.944734 seconds.
  path: Assets/Nokobot/Modern Guns - Handgun/_Prefabs/Handgun Silver
  artifactKey: Guid(4692567bb400b7b43bfd7e4ec6129550) Importer(815301076,1909f56bfc062723c751e8b465ee728b)
Start importing Assets/Nokobot/Modern Guns - Handgun/_Prefabs/Handgun Silver using Guid(4692567bb400b7b43bfd7e4ec6129550) Importer(815301076,1909f56bfc062723c751e8b465ee728b)  -> (artifact id: 'd1826aa7eed4a641f8517d80fb57b4aa') in 0.004697 seconds 
========================================================================
Received Import Request.
  Time since last request: 0.060468 seconds.
  path: Assets/Nokobot/Modern Guns - Handgun/_Prefabs/Handgun Silver/M1911 Handgun_Silver (Shooting).prefab
  artifactKey: Guid(37e98970f8baf7647b735d9036006f0d) Importer(815301076,1909f56bfc062723c751e8b465ee728b)
Start importing Assets/Nokobot/Modern Guns - Handgun/_Prefabs/Handgun Silver/M1911 Handgun_Silver (Shooting).prefab using Guid(37e98970f8baf7647b735d9036006f0d) Importer(815301076,1909f56bfc062723c751e8b465ee728b)  -> (artifact id: 'b350c66280584b5a31caf7e5c0f84e0d') in 0.024975 seconds 
========================================================================
Received Import Request.
  Time since last request: 0.000225 seconds.
  path: Assets/Nokobot/Modern Guns - Handgun/_Prefabs/Handgun Silver/M1911 Magazine_Silver.prefab
  artifactKey: Guid(b5c250cf857e87546bfae19a751f3c92) Importer(815301076,1909f56bfc062723c751e8b465ee728b)
Start importing Assets/Nokobot/Modern Guns - Handgun/_Prefabs/Handgun Silver/M1911 Magazine_Silver.prefab using Guid(b5c250cf857e87546bfae19a751f3c92) Importer(815301076,1909f56bfc062723c751e8b465ee728b)  -> (artifact id: '790da6d27d932686522264d7eb662164') in 0.015612 seconds 
========================================================================
Received Import Request.
  Time since last request: 0.000136 seconds.
  path: Assets/Nokobot/Modern Guns - Handgun/_Prefabs/Handgun Silver/M1911 Handgun_Silver.prefab
  artifactKey: Guid(5c59210965ffbcc4093fe99a29edb777) Importer(815301076,1909f56bfc062723c751e8b465ee728b)
Start importing Assets/Nokobot/Modern Guns - Handgun/_Prefabs/Handgun Silver/M1911 Handgun_Silver.prefab using Guid(5c59210965ffbcc4093fe99a29edb777) Importer(815301076,1909f56bfc062723c751e8b465ee728b)  -> (artifact id: 'c37b223fcbdf6b827d1fda30d5f80d18') in 0.022451 seconds 
========================================================================
Received Import Request.
  Time since last request: 0.000144 seconds.
  path: Assets/Nokobot/Modern Guns - Handgun/_Prefabs/Handgun Silver/M1911 Magazine_Silver_Full.prefab
  artifactKey: Guid(383b1a391f98da5478a7dddc283414a8) Importer(815301076,1909f56bfc062723c751e8b465ee728b)
Start importing Assets/Nokobot/Modern Guns - Handgun/_Prefabs/Handgun Silver/M1911 Magazine_Silver_Full.prefab using Guid(383b1a391f98da5478a7dddc283414a8) Importer(815301076,1909f56bfc062723c751e8b465ee728b)  -> (artifact id: 'ea6eb3438a520d35cc1bf6731c022f3d') in 0.012700 seconds 
========================================================================
Received Import Request.
  Time since last request: 3.341779 seconds.
  path: Assets/Nokobot/Modern Guns - Handgun/Effects
  artifactKey: Guid(631af6a543f4bdd41bdb3b22798e6956) Importer(815301076,1909f56bfc062723c751e8b465ee728b)
Start importing Assets/Nokobot/Modern Guns - Handgun/Effects using Guid(631af6a543f4bdd41bdb3b22798e6956) Importer(815301076,1909f56bfc062723c751e8b465ee728b)  -> (artifact id: '64e662116e8d0ce420c11025b66368a4') in 0.004577 seconds 
========================================================================
Received Import Request.
  Time since last request: 0.054655 seconds.
  path: Assets/Nokobot/Modern Guns - Handgun/Effects/MuzzleFlash.mat
  artifactKey: Guid(3b9b73bdf59096b4f8ca30c0a5d98a45) Importer(815301076,1909f56bfc062723c751e8b465ee728b)
Start importing Assets/Nokobot/Modern Guns - Handgun/Effects/MuzzleFlash.mat using Guid(3b9b73bdf59096b4f8ca30c0a5d98a45) Importer(815301076,1909f56bfc062723c751e8b465ee728b)  -> (artifact id: '6baa8a91de6d55583a6f37077dea885d') in 0.092605 seconds 
========================================================================
Received Import Request.
  Time since last request: 0.000175 seconds.
  path: Assets/Nokobot/Modern Guns - Handgun/Effects/MuzzleFlash.prefab
  artifactKey: Guid(3dd9cf2e209c504448f1c4c6835675cf) Importer(815301076,1909f56bfc062723c751e8b465ee728b)
Start importing Assets/Nokobot/Modern Guns - Handgun/Effects/MuzzleFlash.prefab using Guid(3dd9cf2e209c504448f1c4c6835675cf) Importer(815301076,1909f56bfc062723c751e8b465ee728b)  -> (artifact id: '317c9bbc81f01bfa58e0e0bbd48918a7') in 0.018293 seconds 
========================================================================
Received Import Request.
  Time since last request: 0.000115 seconds.
  path: Assets/Nokobot/Modern Guns - Handgun/Effects/MuzzleFlash_SpriteSheet.png
  artifactKey: Guid(6fc0c6421525c1844804ab1d17f1adda) Importer(815301076,1909f56bfc062723c751e8b465ee728b)
Start importing Assets/Nokobot/Modern Guns - Handgun/Effects/MuzzleFlash_SpriteSheet.png using Guid(6fc0c6421525c1844804ab1d17f1adda) Importer(815301076,1909f56bfc062723c751e8b465ee728b)  -> (artifact id: '28860405cf98a44c0e62c6fff35bdd46') in 0.047833 seconds 
========================================================================
Received Import Request.
  Time since last request: 47.050136 seconds.
  path: Assets/Nokobot/Modern Guns - Handgun/Materials
  artifactKey: Guid(ac2ea0bdb3af14d4ab47b7b50dd0b4b1) Importer(815301076,1909f56bfc062723c751e8b465ee728b)
Start importing Assets/Nokobot/Modern Guns - Handgun/Materials using Guid(ac2ea0bdb3af14d4ab47b7b50dd0b4b1) Importer(815301076,1909f56bfc062723c751e8b465ee728b)  -> (artifact id: '2010b9bbb8af531273f657b30d977a27') in 0.006165 seconds 
========================================================================
Received Import Request.
  Time since last request: 0.069350 seconds.
  path: Assets/Nokobot/Modern Guns - Handgun/Materials/45ACP_Bullet_Silver.mat
  artifactKey: Guid(4b40dbb00777f2141a8ff7278f450856) Importer(815301076,1909f56bfc062723c751e8b465ee728b)
Start importing Assets/Nokobot/Modern Guns - Handgun/Materials/45ACP_Bullet_Silver.mat using Guid(4b40dbb00777f2141a8ff7278f450856) Importer(815301076,1909f56bfc062723c751e8b465ee728b)  -> (artifact id: '17fa158ffc720dc84c8ff294fafea4a3') in 0.013765 seconds 
========================================================================
Received Import Request.
  Time since last request: 0.000146 seconds.
  path: Assets/Nokobot/Modern Guns - Handgun/Materials/M1911 Handgun_Black.mat
  artifactKey: Guid(ef4deb7b6cac3794694ab402e74b3e7e) Importer(815301076,1909f56bfc062723c751e8b465ee728b)
Start importing Assets/Nokobot/Modern Guns - Handgun/Materials/M1911 Handgun_Black.mat using Guid(ef4deb7b6cac3794694ab402e74b3e7e) Importer(815301076,1909f56bfc062723c751e8b465ee728b)  -> (artifact id: 'c5fdb7cf30ba0f77278cd471b20aa1be') in 0.027511 seconds 
========================================================================
Received Import Request.
  Time since last request: 0.000169 seconds.
  path: Assets/Nokobot/Modern Guns - Handgun/Materials/M1911 Magazine_Black.mat
  artifactKey: Guid(ad4be7b2be81ece4cbe850cfede8b9de) Importer(815301076,1909f56bfc062723c751e8b465ee728b)
Start importing Assets/Nokobot/Modern Guns - Handgun/Materials/M1911 Magazine_Black.mat using Guid(ad4be7b2be81ece4cbe850cfede8b9de) Importer(815301076,1909f56bfc062723c751e8b465ee728b)  -> (artifact id: '6b40164b05f918d5074873a8ed7e4bde') in 0.024535 seconds 
========================================================================
Received Import Request.
  Time since last request: 0.000149 seconds.
  path: Assets/Nokobot/Modern Guns - Handgun/Materials/M1911 Magazine_Steel.mat
  artifactKey: Guid(8ca21f01f2c5c9c4aa7e714faf94251e) Importer(815301076,1909f56bfc062723c751e8b465ee728b)
Start importing Assets/Nokobot/Modern Guns - Handgun/Materials/M1911 Magazine_Steel.mat using Guid(8ca21f01f2c5c9c4aa7e714faf94251e) Importer(815301076,1909f56bfc062723c751e8b465ee728b)  -> (artifact id: 'f815b64bd46bf31f0775fb49d9b771cb') in 0.022868 seconds 
========================================================================
Received Import Request.
  Time since last request: 0.000110 seconds.
  path: Assets/Nokobot/Modern Guns - Handgun/Materials/M1911 Handgun_Steel.mat
  artifactKey: Guid(a22ca1073de33674b8cd0036fcb92947) Importer(815301076,1909f56bfc062723c751e8b465ee728b)
Start importing Assets/Nokobot/Modern Guns - Handgun/Materials/M1911 Handgun_Steel.mat using Guid(a22ca1073de33674b8cd0036fcb92947) Importer(815301076,1909f56bfc062723c751e8b465ee728b)  -> (artifact id: '3b76d7fa55cca1e39306dd9d2b930aca') in 0.029701 seconds 
========================================================================
Received Import Request.
  Time since last request: 4.871766 seconds.
  path: Assets/Nokobot
  artifactKey: Guid(99cd33ba7430f8a4faf6c2031c72de9f) Importer(815301076,1909f56bfc062723c751e8b465ee728b)
Start importing Assets/Nokobot using Guid(99cd33ba7430f8a4faf6c2031c72de9f) Importer(815301076,1909f56bfc062723c751e8b465ee728b)  -> (artifact id: '92d02b9a115d408af15afe13e5b3dbd1') in 0.004671 seconds 
========================================================================
Received Import Request.
  Time since last request: 0.746487 seconds.
  path: Assets/Nokobot/Modern Guns - Handgun
  artifactKey: Guid(6736b59bcb1d90147b4cb82964cbfb92) Importer(815301076,1909f56bfc062723c751e8b465ee728b)
Start importing Assets/Nokobot/Modern Guns - Handgun using Guid(6736b59bcb1d90147b4cb82964cbfb92) Importer(815301076,1909f56bfc062723c751e8b465ee728b)  -> (artifact id: '8fb86c34ba6510ef4f711ea3ff9f5c01') in 0.004859 seconds 
========================================================================
Received Import Request.
  Time since last request: 0.665078 seconds.
  path: Assets/Nokobot/Modern Guns - Handgun/Animations
  artifactKey: Guid(22c1561bdf2c6ca41a7ef3927b3a69f6) Importer(815301076,1909f56bfc062723c751e8b465ee728b)
Start importing Assets/Nokobot/Modern Guns - Handgun/Animations using Guid(22c1561bdf2c6ca41a7ef3927b3a69f6) Importer(815301076,1909f56bfc062723c751e8b465ee728b)  -> (artifact id: '85b4f2454c43c313e9d493a1b8221b71') in 0.004606 seconds 
========================================================================
Received Import Request.
  Time since last request: 1.530214 seconds.
  path: Assets/Nokobot/Modern Guns - Handgun/Animations/M1911@Fire.anim
  artifactKey: Guid(d34b4dd27ff9e5942b1871319d0f0db7) Importer(815301076,1909f56bfc062723c751e8b465ee728b)
Start importing Assets/Nokobot/Modern Guns - Handgun/Animations/M1911@Fire.anim using Guid(d34b4dd27ff9e5942b1871319d0f0db7) Importer(815301076,1909f56bfc062723c751e8b465ee728b)  -> (artifact id: 'e1e9efd7bf6bdfd7b784a321284c232c') in 0.005792 seconds 
========================================================================
Received Import Request.
  Time since last request: 6.959213 seconds.
  path: Assets/Nokobot/Modern Guns - Handgun/Animations/M1911 Handgun Controller.controller
  artifactKey: Guid(03d1fe4e93c9d4445b3a611df2ee5713) Importer(815301076,1909f56bfc062723c751e8b465ee728b)
Start importing Assets/Nokobot/Modern Guns - Handgun/Animations/M1911 Handgun Controller.controller using Guid(03d1fe4e93c9d4445b3a611df2ee5713) Importer(815301076,1909f56bfc062723c751e8b465ee728b)  -> (artifact id: '65ddd69e6b2cc6430338d47e60998e09') in 0.007058 seconds 
========================================================================
Received Prepare
Registering precompiled user dll's ...
Registered in 0.001533 seconds.
Begin MonoManager ReloadAssembly
Native extension for WindowsStandalone target not found
Refreshing native plugins compatible for Editor in 0.48 ms, found 2 plugins.
Preloading 0 native plugins for Editor in 0.00 ms.
Mono: successfully reloaded assembly
- Completed reload, in  0.894 seconds
Domain Reload Profiling:
	ReloadAssembly (895ms)
		BeginReloadAssembly (110ms)
			ExecutionOrderSort (0ms)
			DisableScriptedObjects (3ms)
			BackupInstance (0ms)
			ReleaseScriptingObjects (0ms)
			CreateAndSetChildDomain (30ms)
		EndReloadAssembly (728ms)
			LoadAssemblies (86ms)
			RebuildTransferFunctionScriptingTraits (0ms)
			SetupTypeCache (261ms)
			ReleaseScriptCaches (1ms)
			RebuildScriptCaches (35ms)
			SetupLoadedEditorAssemblies (270ms)
				LogAssemblyErrors (0ms)
				InitializePlatformSupportModulesInManaged (4ms)
				SetLoadedEditorAssemblies (0ms)
				RefreshPlugins (1ms)
				BeforeProcessingInitializeOnLoad (81ms)
				ProcessInitializeOnLoadAttributes (169ms)
				ProcessInitializeOnLoadMethodAttributes (8ms)
				AfterProcessingInitializeOnLoad (6ms)
				EditorAssembliesLoaded (0ms)
			ExecutionOrderSort2 (0ms)
			AwakeInstancesAfterBackupRestoration (6ms)
Platform modules already initialized, skipping
Shader 'WFX/Transparent Specular': fallback shader 'Particles/Alpha Blended' not found
Shader 'WFX/Transparent Diffuse': fallback shader 'Particles/Alpha Blended' not found
Refreshing native plugins compatible for Editor in 0.48 ms, found 2 plugins.
Preloading 0 native plugins for Editor in 0.00 ms.
Unloading 1855 Unused Serialized files (Serialized files now loaded: 0)
System memory in use before: 100.1 MB.
System memory in use after: 100.2 MB.

Unloading 13 unused Assets to reduce memory usage. Loaded Objects now: 2396.
Total: 2.429000 ms (FindLiveObjects: 0.153800 ms CreateObjectMapping: 0.061400 ms MarkObjects: 2.130400 ms  DeleteObjects: 0.082700 ms)

AssetImportParameters requested are different than current active one (requested -> active):
  custom:framework-win-MediaFoundation: 216162199b28c13a410421893ffa2e32 -> 
  custom:video-decoder-ogg-theora: a1e56fd34408186e4bbccfd4996cb3dc -> 
  custom:container-muxer-webm: aa71ff27fc2769a1b78a27578f13a17b -> 
  custom:container-demuxer-webm: 4f35f7cbe854078d1ac9338744f61a02 -> 
  custom:container-demuxer-ogg: 62fdf1f143b41e24485cea50d1cbac27 -> 
  custom:video-encoder-webm-vp8: eb34c28f22e8b96e1ab97ce403110664 -> 
  custom:video-codec-MediaFoundation-h265: 746d11721c4dcdbdad8f713fa42b33f4 -> 
  custom:video-decoder-webm-vp8: 9c59270c3fd7afecdb556c50c9e8de78 -> 
  custom:audio-decoder-ogg-vorbis: bf7c407c2cedff20999df2af8eb42d56 -> 
  custom:audio-encoder-webm-vorbis: bf7c407c2cedff20999df2af8eb42d56 -> 
========================================================================
Received Prepare
Registering precompiled user dll's ...
Registered in 0.001628 seconds.
Begin MonoManager ReloadAssembly
Native extension for WindowsStandalone target not found
Refreshing native plugins compatible for Editor in 0.44 ms, found 2 plugins.
Preloading 0 native plugins for Editor in 0.00 ms.
Mono: successfully reloaded assembly
- Completed reload, in  0.915 seconds
Domain Reload Profiling:
	ReloadAssembly (915ms)
		BeginReloadAssembly (111ms)
			ExecutionOrderSort (0ms)
			DisableScriptedObjects (4ms)
			BackupInstance (0ms)
			ReleaseScriptingObjects (0ms)
			CreateAndSetChildDomain (29ms)
		EndReloadAssembly (748ms)
			LoadAssemblies (88ms)
			RebuildTransferFunctionScriptingTraits (0ms)
			SetupTypeCache (264ms)
			ReleaseScriptCaches (1ms)
			RebuildScriptCaches (38ms)
			SetupLoadedEditorAssemblies (272ms)
				LogAssemblyErrors (0ms)
				InitializePlatformSupportModulesInManaged (4ms)
				SetLoadedEditorAssemblies (0ms)
				RefreshPlugins (0ms)
				BeforeProcessingInitializeOnLoad (82ms)
				ProcessInitializeOnLoadAttributes (171ms)
				ProcessInitializeOnLoadMethodAttributes (8ms)
				AfterProcessingInitializeOnLoad (6ms)
				EditorAssembliesLoaded (0ms)
			ExecutionOrderSort2 (0ms)
			AwakeInstancesAfterBackupRestoration (6ms)
Platform modules already initialized, skipping
Shader 'WFX/Transparent Specular': fallback shader 'Particles/Alpha Blended' not found
Shader 'WFX/Transparent Diffuse': fallback shader 'Particles/Alpha Blended' not found
Refreshing native plugins compatible for Editor in 0.48 ms, found 2 plugins.
Preloading 0 native plugins for Editor in 0.00 ms.
Unloading 1856 Unused Serialized files (Serialized files now loaded: 0)
System memory in use before: 100.1 MB.
System memory in use after: 100.2 MB.

Unloading 12 unused Assets to reduce memory usage. Loaded Objects now: 2400.
Total: 2.628700 ms (FindLiveObjects: 0.182200 ms CreateObjectMapping: 0.073200 ms MarkObjects: 2.294100 ms  DeleteObjects: 0.078500 ms)

AssetImportParameters requested are different than current active one (requested -> active):
  custom:framework-win-MediaFoundation: 216162199b28c13a410421893ffa2e32 -> 
  custom:video-decoder-ogg-theora: a1e56fd34408186e4bbccfd4996cb3dc -> 
  custom:container-muxer-webm: aa71ff27fc2769a1b78a27578f13a17b -> 
  custom:container-demuxer-webm: 4f35f7cbe854078d1ac9338744f61a02 -> 
  custom:container-demuxer-ogg: 62fdf1f143b41e24485cea50d1cbac27 -> 
  custom:video-encoder-webm-vp8: eb34c28f22e8b96e1ab97ce403110664 -> 
  custom:video-codec-MediaFoundation-h265: 746d11721c4dcdbdad8f713fa42b33f4 -> 
  custom:video-decoder-webm-vp8: 9c59270c3fd7afecdb556c50c9e8de78 -> 
  custom:audio-decoder-ogg-vorbis: bf7c407c2cedff20999df2af8eb42d56 -> 
  custom:audio-encoder-webm-vorbis: bf7c407c2cedff20999df2af8eb42d56 -> 
========================================================================
Received Import Request.
  Time since last request: 169.509888 seconds.
  path: Assets/Nokobot/Modern Guns - Handgun/_Demo Assets
  artifactKey: Guid(f02bd5845de96884b8897a53e6dd8463) Importer(815301076,1909f56bfc062723c751e8b465ee728b)
Start importing Assets/Nokobot/Modern Guns - Handgun/_Demo Assets using Guid(f02bd5845de96884b8897a53e6dd8463) Importer(815301076,1909f56bfc062723c751e8b465ee728b)  -> (artifact id: '78055a9b62e0a6ba2299056e07368f25') in 0.007183 seconds 
========================================================================
Received Import Request.
  Time since last request: 0.874218 seconds.
  path: Assets/Nokobot/Modern Guns - Handgun/_Demo Assets/SimpleShoot.cs
  artifactKey: Guid(6be84e4d7829855419c06b94e56bd135) Importer(815301076,1909f56bfc062723c751e8b465ee728b)
Start importing Assets/Nokobot/Modern Guns - Handgun/_Demo Assets/SimpleShoot.cs using Guid(6be84e4d7829855419c06b94e56bd135) Importer(815301076,1909f56bfc062723c751e8b465ee728b)  -> (artifact id: '2cc5a38811a8afcdaf413139935bc7b8') in 0.007316 seconds 
========================================================================
Received Import Request.
  Time since last request: 128.080676 seconds.
  path: Assets/Nokobot/Modern Guns - Handgun/_Prefabs
  artifactKey: Guid(2987812710f5d82498876f0a50b38192) Importer(815301076,1909f56bfc062723c751e8b465ee728b)
Start importing Assets/Nokobot/Modern Guns - Handgun/_Prefabs using Guid(2987812710f5d82498876f0a50b38192) Importer(815301076,1909f56bfc062723c751e8b465ee728b)  -> (artifact id: 'ce94fd0a1a59e77f3a0c6ab1a27e82ec') in 0.005582 seconds 
========================================================================
Received Import Request.
  Time since last request: 1.633811 seconds.
  path: Assets/Nokobot/Modern Guns - Handgun/_Prefabs/Handgun Black
  artifactKey: Guid(3c06fb9777b9bf742984737b207f4792) Importer(815301076,1909f56bfc062723c751e8b465ee728b)
Start importing Assets/Nokobot/Modern Guns - Handgun/_Prefabs/Handgun Black using Guid(3c06fb9777b9bf742984737b207f4792) Importer(815301076,1909f56bfc062723c751e8b465ee728b)  -> (artifact id: 'ae59ebf52aca93af2490e6a0215755e1') in 0.005107 seconds 
========================================================================
Received Import Request.
  Time since last request: 0.034821 seconds.
  path: Assets/Nokobot/Modern Guns - Handgun/_Prefabs/Handgun Black/M1911 Handgun_Black (Shooting).prefab
  artifactKey: Guid(7e7f2840eb6a6294fb9d04582dbf8079) Importer(815301076,1909f56bfc062723c751e8b465ee728b)
Start importing Assets/Nokobot/Modern Guns - Handgun/_Prefabs/Handgun Black/M1911 Handgun_Black (Shooting).prefab using Guid(7e7f2840eb6a6294fb9d04582dbf8079) Importer(815301076,1909f56bfc062723c751e8b465ee728b)  -> (artifact id: 'cbc80e603fa51dc4399e4a18665d7c96') in 0.065776 seconds 
========================================================================
Received Import Request.
  Time since last request: 7.940659 seconds.
  path: Assets/Nokobot/Modern Guns - Handgun/Meshes
  artifactKey: Guid(74b7e5c6d2f3cb147bd6ebf909cd71c8) Importer(815301076,1909f56bfc062723c751e8b465ee728b)
Start importing Assets/Nokobot/Modern Guns - Handgun/Meshes using Guid(74b7e5c6d2f3cb147bd6ebf909cd71c8) Importer(815301076,1909f56bfc062723c751e8b465ee728b)  -> (artifact id: '20d31824de4d1def1a668e90f913cfe3') in 0.004518 seconds 
========================================================================
Received Import Request.
  Time since last request: 0.045936 seconds.
  path: Assets/Nokobot/Modern Guns - Handgun/Meshes/45ACP Bullet.fbx
  artifactKey: Guid(1319cfeb42068a446bc5d43ef1562670) Importer(815301076,1909f56bfc062723c751e8b465ee728b)
Start importing Assets/Nokobot/Modern Guns - Handgun/Meshes/45ACP Bullet.fbx using Guid(1319cfeb42068a446bc5d43ef1562670) Importer(815301076,1909f56bfc062723c751e8b465ee728b)  -> (artifact id: 'd9c84dc20c06b4809dc6c54f01f384f0') in 0.047611 seconds 
========================================================================
Received Import Request.
  Time since last request: 0.000176 seconds.
  path: Assets/Nokobot/Modern Guns - Handgun/Meshes/M1911 Magazine.fbx
  artifactKey: Guid(40ea87bfb6dc64349a6b3363f1955b6a) Importer(815301076,1909f56bfc062723c751e8b465ee728b)
Start importing Assets/Nokobot/Modern Guns - Handgun/Meshes/M1911 Magazine.fbx using Guid(40ea87bfb6dc64349a6b3363f1955b6a) Importer(815301076,1909f56bfc062723c751e8b465ee728b)  -> (artifact id: 'cd45dc593fda7822563962ec27ecdd22') in 0.015443 seconds 
========================================================================
Received Import Request.
  Time since last request: 0.000144 seconds.
  path: Assets/Nokobot/Modern Guns - Handgun/Meshes/M1911 Handgun.fbx
  artifactKey: Guid(3d87184bf4725b841b26693d2234fffd) Importer(815301076,1909f56bfc062723c751e8b465ee728b)
Start importing Assets/Nokobot/Modern Guns - Handgun/Meshes/M1911 Handgun.fbx using Guid(3d87184bf4725b841b26693d2234fffd) Importer(815301076,1909f56bfc062723c751e8b465ee728b)  -> (artifact id: '262a222be8c9c9c35994fd2b374a9cf9') in 0.051292 seconds 
========================================================================
Received Import Request.
  Time since last request: 7.885746 seconds.
  path: Assets/Nokobot/Modern Guns - Handgun/Textures
  artifactKey: Guid(280f564b2cdc4e7428d4b131f3469877) Importer(815301076,1909f56bfc062723c751e8b465ee728b)
Start importing Assets/Nokobot/Modern Guns - Handgun/Textures using Guid(280f564b2cdc4e7428d4b131f3469877) Importer(815301076,1909f56bfc062723c751e8b465ee728b)  -> (artifact id: '510acdc16e5883c6139c2a3572d8038c') in 0.006021 seconds 
========================================================================
Received Import Request.
  Time since last request: 0.051213 seconds.
  path: Assets/Nokobot/Modern Guns - Handgun/Textures/45ACP_Bullet_Albedo_Silver.png
  artifactKey: Guid(eff506c84ac90d34c81e139f3e96a2ba) Importer(815301076,1909f56bfc062723c751e8b465ee728b)
Start importing Assets/Nokobot/Modern Guns - Handgun/Textures/45ACP_Bullet_Albedo_Silver.png using Guid(eff506c84ac90d34c81e139f3e96a2ba) Importer(815301076,1909f56bfc062723c751e8b465ee728b)  -> (artifact id: '4e8cb09a69c329161eb0f6eaf1a37957') in 0.015642 seconds 
========================================================================
Received Import Request.
  Time since last request: 0.000171 seconds.
  path: Assets/Nokobot/Modern Guns - Handgun/Textures/M1911_Handgun_Albedo_Steel.png
  artifactKey: Guid(7474c63c5c65b1b4fa45a47bd1bf528f) Importer(815301076,1909f56bfc062723c751e8b465ee728b)
Start importing Assets/Nokobot/Modern Guns - Handgun/Textures/M1911_Handgun_Albedo_Steel.png using Guid(7474c63c5c65b1b4fa45a47bd1bf528f) Importer(815301076,1909f56bfc062723c751e8b465ee728b)  -> (artifact id: '053462079a0a1caf9061cd50db415074') in 0.013028 seconds 
========================================================================
Received Import Request.
  Time since last request: 0.000177 seconds.
  path: Assets/Nokobot/Modern Guns - Handgun/Textures/M1911_Magazine_Normal.png
  artifactKey: Guid(9700d9e5832c89944afd7ef24f4d919e) Importer(815301076,1909f56bfc062723c751e8b465ee728b)
Start importing Assets/Nokobot/Modern Guns - Handgun/Textures/M1911_Magazine_Normal.png using Guid(9700d9e5832c89944afd7ef24f4d919e) Importer(815301076,1909f56bfc062723c751e8b465ee728b)  -> (artifact id: '152895ad6e08990967dd818898c39c24') in 0.039665 seconds 
========================================================================
Received Import Request.
  Time since last request: 0.000128 seconds.
  path: Assets/Nokobot/Modern Guns - Handgun/Textures/M1911_Magazine_MetallicSmoothness.png
  artifactKey: Guid(0b3650749f4c1b045bc33f08bb4f2f62) Importer(815301076,1909f56bfc062723c751e8b465ee728b)
Start importing Assets/Nokobot/Modern Guns - Handgun/Textures/M1911_Magazine_MetallicSmoothness.png using Guid(0b3650749f4c1b045bc33f08bb4f2f62) Importer(815301076,1909f56bfc062723c751e8b465ee728b)  -> (artifact id: 'b1bf2a6031041de61c6ad45a129ffb10') in 0.012214 seconds 
========================================================================
Received Import Request.
  Time since last request: 0.000185 seconds.
  path: Assets/Nokobot/Modern Guns - Handgun/Textures/M1911_Magazine_Albedo_Steel.png
  artifactKey: Guid(7714950642003ee488bdddb49dd229e0) Importer(815301076,1909f56bfc062723c751e8b465ee728b)
Start importing Assets/Nokobot/Modern Guns - Handgun/Textures/M1911_Magazine_Albedo_Steel.png using Guid(7714950642003ee488bdddb49dd229e0) Importer(815301076,1909f56bfc062723c751e8b465ee728b)  -> (artifact id: 'f570363fcdc491057cb50489682c474a') in 0.058887 seconds 
========================================================================
Received Import Request.
  Time since last request: 0.000142 seconds.
  path: Assets/Nokobot/Modern Guns - Handgun/Textures/M1911_Handgun_MetallicSmoothness.png
  artifactKey: Guid(1ed6c1c5fa7989e4597a77c8148b0876) Importer(815301076,1909f56bfc062723c751e8b465ee728b)
Start importing Assets/Nokobot/Modern Guns - Handgun/Textures/M1911_Handgun_MetallicSmoothness.png using Guid(1ed6c1c5fa7989e4597a77c8148b0876) Importer(815301076,1909f56bfc062723c751e8b465ee728b)  -> (artifact id: '800b130a60182ee2592fc3ce34a5dd3c') in 0.016346 seconds 
========================================================================
Received Import Request.
  Time since last request: 0.000131 seconds.
  path: Assets/Nokobot/Modern Guns - Handgun/Textures/M1911_Magazine_Albedo_Black.png
  artifactKey: Guid(c11766a3d3e2f124eb11ea77d2d2fd99) Importer(815301076,1909f56bfc062723c751e8b465ee728b)
Start importing Assets/Nokobot/Modern Guns - Handgun/Textures/M1911_Magazine_Albedo_Black.png using Guid(c11766a3d3e2f124eb11ea77d2d2fd99) Importer(815301076,1909f56bfc062723c751e8b465ee728b)  -> (artifact id: '3fec4199d17827294a4a1318b4a1dd33') in 0.024040 seconds 
========================================================================
Received Import Request.
  Time since last request: 0.000227 seconds.
  path: Assets/Nokobot/Modern Guns - Handgun/Textures/45ACP_Bullet_Normal.png
  artifactKey: Guid(df9023114d04044448b061e46927ce9d) Importer(815301076,1909f56bfc062723c751e8b465ee728b)
Start importing Assets/Nokobot/Modern Guns - Handgun/Textures/45ACP_Bullet_Normal.png using Guid(df9023114d04044448b061e46927ce9d) Importer(815301076,1909f56bfc062723c751e8b465ee728b)  -> (artifact id: '2b2e5e8485be013834709e0f18fb3f40') in 0.036479 seconds 
========================================================================
Received Import Request.
  Time since last request: 0.000174 seconds.
  path: Assets/Nokobot/Modern Guns - Handgun/Textures/M1911_Handgun_Normal.png
  artifactKey: Guid(476d8958242d6014fb5ae5916a7e9815) Importer(815301076,1909f56bfc062723c751e8b465ee728b)
Start importing Assets/Nokobot/Modern Guns - Handgun/Textures/M1911_Handgun_Normal.png using Guid(476d8958242d6014fb5ae5916a7e9815) Importer(815301076,1909f56bfc062723c751e8b465ee728b)  -> (artifact id: 'bc594f968437d03b554783cbeb071807') in 0.013916 seconds 
========================================================================
Received Import Request.
  Time since last request: 0.000113 seconds.
  path: Assets/Nokobot/Modern Guns - Handgun/Textures/M1911_Handgun_Albedo_Black.png
  artifactKey: Guid(d962094b1569b2a488f813051a429e39) Importer(815301076,1909f56bfc062723c751e8b465ee728b)
Start importing Assets/Nokobot/Modern Guns - Handgun/Textures/M1911_Handgun_Albedo_Black.png using Guid(d962094b1569b2a488f813051a429e39) Importer(815301076,1909f56bfc062723c751e8b465ee728b)  -> (artifact id: 'c35673a42bd0168a78a363d8794bb164') in 0.010190 seconds 
AssetImportWorkerClient::OnTransportError - code=2 error=End of file
